This is XeTeX, Version 3.1415926-2.2-0.9995.2 (TeX Live 2009/Debian) (format=xelatex 2012.3.4)  6 MAY 2012 03:06
entering extended mode
 file:line:error style messages enabled.
 %&-line parsing enabled.
**supasate.tex
(./supasate.tex
LaTeX2e <2009/09/24>
Babel <v3.8l> and hyphenation patterns for english, usenglishmax, dumylang, noh
yphenation, loaded.
(./chula.cls
Document Class: chula 2012/04/19
(/usr/share/texmf-texlive/tex/latex/tools/calc.sty
Package: calc 2007/08/22 v4.3 Infix arithmetic (KKT,FJ)
\calc@Acount=\count80
\calc@Bcount=\count81
\calc@Adimen=\dimen102
\calc@Bdimen=\dimen103
\calc@Askip=\skip41
\calc@Bskip=\skip42
LaTeX Info: Redefining \setlength on input line 76.
LaTeX Info: Redefining \addtolength on input line 77.
\calc@Ccount=\count82
\calc@Cskip=\skip43
)
(/usr/share/texmf-texlive/tex/xelatex/fontspec/fontspec.sty
Package: fontspec 2008/08/09 v1.18 Advanced font selection for XeLaTeX

(/usr/share/texmf-texlive/tex/generic/ifxetex/ifxetex.sty
Package: ifxetex 2009/01/23 v0.5 Provides ifxetex conditional
)
\c@zf@newff=\count83
\c@zf@index=\count84
\c@zf@script=\count85
\c@zf@language=\count86

(/usr/share/texmf-texlive/tex/latex/xkeyval/xkeyval.sty
Package: xkeyval 2008/08/13 v2.6a package option processing (HA)

(/usr/share/texmf-texlive/tex/generic/xkeyval/xkeyval.tex
\XKV@toks=\toks14
\XKV@tempa@toks=\toks15
\XKV@depth=\count87
File: xkeyval.tex 2008/08/13 v2.6a key=value parser (HA)

(/usr/share/texmf-texlive/tex/generic/xkeyval/keyval.tex)))
(/usr/share/texmf-texlive/tex/latex/base/fontenc.sty
Package: fontenc 2005/09/27 v1.99g Standard LaTeX package

(/usr/share/texmf-texlive/tex/xelatex/euenc/eu1enc.def
File: eu1enc.def 2008/03/08 v0.1d Experimental unicode font encoding
)
LaTeX Font Info:    Try loading font information for EU1+lmr on input line 100.


(/usr/share/texmf-texlive/tex/xelatex/euenc/eu1lmr.fd
File: eu1lmr.fd 2007/01/14 v1.3 Font defs for Latin Modern
))
LaTeX Info: Redefining \itshape on input line 1163.
LaTeX Info: Redefining \slshape on input line 1166.
LaTeX Info: Redefining \scshape on input line 1169.
LaTeX Info: Redefining \upshape on input line 1172.

fontspec.cfg loaded.
(/usr/share/texmf-texlive/tex/xelatex/fontspec/fontspec.cfg))
(/usr/share/texmf-texlive/tex/xelatex/xunicode/xunicode.sty
File: xunicode.sty 2008/02/08 v0.91 provides access to latin accents and many o
ther characters in Unicode lower plane
)
(/usr/share/texmf-texlive/tex/xelatex/xltxtra/xltxtra.sty
Package: xltxtra 2009/09/02 v0.5 Improvements for the "XeLaTeX" format

(/usr/share/texmf-texlive/tex/latex/metalogo/metalogo.sty
Package: metalogo 2009/09/04 v0.11 Extended TeX logo macros

(/usr/share/texmf-texlive/tex/latex/graphics/graphicx.sty
Package: graphicx 1999/02/16 v1.0f Enhanced LaTeX Graphics (DPC,SPQR)

(/usr/share/texmf-texlive/tex/latex/graphics/graphics.sty
Package: graphics 2009/02/05 v1.0o Standard LaTeX Graphics (DPC,SPQR)

(/usr/share/texmf-texlive/tex/latex/graphics/trig.sty
Package: trig 1999/03/16 v1.09 sin cos tan (DPC)
)
(/etc/texmf/tex/latex/config/graphics.cfg
File: graphics.cfg 2009/08/28 v1.8 graphics configuration of TeX Live
)
Package graphics Info: Driver file: xetex.def on input line 91.

(/usr/share/texmf-texlive/tex/xelatex/xetex-def/xetex.def
File: xetex.def 2009/11/22 v0.94 LaTeX color/graphics driver for XeTeX (RRM/JK)

))
\Gin@req@height=\dimen104
\Gin@req@width=\dimen105
)
\xl@everylogo=\toks16
\xl@@everylogo=\toks17
LaTeX Info: Redefining \TeX on input line 193.
LaTeX Info: Redefining \LaTeX on input line 202.
LaTeX Info: Redefining \LaTeXe on input line 219.
)
(/usr/share/texmf-texlive/tex/latex/etex-pkg/etex.sty
Package: etex 1998/03/26 v2.0 eTeX basic definition package (PEB)
\et@xins=\count88
)
(/usr/share/texmf-texlive/tex/latex/base/fixltx2e.sty
Package: fixltx2e 2006/09/13 v1.1m fixes to LaTeX
LaTeX Info: Redefining \em on input line 420.
)
LaTeX Info: Redefining \em on input line 72.
LaTeX Info: Redefining \emph on input line 81.
LaTeX Info: Redefining \- on input line 86.
LaTeX Info: Redefining \textsubscript on input line 105.
LaTeX Info: Redefining \textsuperscript on input line 107.
\xxt@tempbox=\box26
)
(/usr/share/texmf-texlive/tex/xelatex/polyglossia/polyglossia.sty
Package: polyglossia 2009/01/25 v1.0.2 Babel replacement for XeLaTeX

(/usr/share/texmf-texlive/tex/latex/etoolbox/etoolbox.sty
Package: etoolbox 2009/08/06 v1.8 e-TeX tools for LaTeX
))
(/usr/share/texmf-texlive/tex/latex/ms/ragged2e.sty
Package: ragged2e 2009/05/21 v2.1 ragged2e Package (MS)

(/usr/share/texmf-texlive/tex/latex/ms/everysel.sty
Package: everysel 1999/06/08 v1.03 EverySelectfont Package (MS)
)
\CenteringLeftskip=\skip44
\RaggedLeftLeftskip=\skip45
\RaggedRightLeftskip=\skip46
\CenteringRightskip=\skip47
\RaggedLeftRightskip=\skip48
\RaggedRightRightskip=\skip49
\CenteringParfillskip=\skip50
\RaggedLeftParfillskip=\skip51
\RaggedRightParfillskip=\skip52
\JustifyingParfillskip=\skip53
\CenteringParindent=\skip54
\RaggedLeftParindent=\skip55
\RaggedRightParindent=\skip56
\JustifyingParindent=\skip57
)
(/usr/share/texmf/tex/latex/pgf/frontendlayer/tikz.sty
(/usr/share/texmf/tex/latex/pgf/basiclayer/pgf.sty
(/usr/share/texmf/tex/latex/pgf/utilities/pgfrcs.sty
(/usr/share/texmf/tex/generic/pgf/utilities/pgfutil-common.tex
\pgfutil@everybye=\toks18
)
(/usr/share/texmf/tex/generic/pgf/utilities/pgfutil-latex.def
\pgfutil@abb=\box27

(/usr/share/texmf-texlive/tex/latex/ms/everyshi.sty
Package: everyshi 2001/05/15 v3.00 EveryShipout Package (MS)
))
(/usr/share/texmf/tex/generic/pgf/utilities/pgfrcs.code.tex
Package: pgfrcs 2010/10/25 v2.10 (rcs-revision 1.24)
))
Package: pgf 2008/01/15 v2.10 (rcs-revision 1.12)

(/usr/share/texmf/tex/latex/pgf/basiclayer/pgfcore.sty
(/usr/share/texmf/tex/latex/pgf/systemlayer/pgfsys.sty
(/usr/share/texmf/tex/generic/pgf/systemlayer/pgfsys.code.tex
Package: pgfsys 2010/06/30 v2.10 (rcs-revision 1.37)

(/usr/share/texmf/tex/generic/pgf/utilities/pgfkeys.code.tex
\pgfkeys@pathtoks=\toks19
\pgfkeys@temptoks=\toks20

(/usr/share/texmf/tex/generic/pgf/utilities/pgfkeysfiltered.code.tex
\pgfkeys@tmptoks=\toks21
))
\pgf@x=\dimen106
\pgf@y=\dimen107
\pgf@xa=\dimen108
\pgf@ya=\dimen109
\pgf@xb=\dimen110
\pgf@yb=\dimen111
\pgf@xc=\dimen112
\pgf@yc=\dimen113
\w@pgf@writea=\write3
\r@pgf@reada=\read1
\c@pgf@counta=\count89
\c@pgf@countb=\count90
\c@pgf@countc=\count91
\c@pgf@countd=\count92

(/usr/share/texmf/tex/generic/pgf/systemlayer/pgf.cfg
File: pgf.cfg 2008/05/14  (rcs-revision 1.7)
)
Package pgfsys Info: Driver file for pgf: pgfsys-xetex.def on input line 900.

(/usr/share/texmf/tex/generic/pgf/systemlayer/pgfsys-xetex.def
File: pgfsys-xetex.def 2010/02/16  (rcs-revision 1.3)

(/usr/share/texmf/tex/generic/pgf/systemlayer/pgfsys-common-pdf.def
File: pgfsys-common-pdf.def 2008/05/19  (rcs-revision 1.10)
)
(/usr/share/texmf/tex/generic/pgf/systemlayer/pgfsys-common-pdf-via-dvi.def
File: pgfsys-common-pdf-via-dvi.def 2008/05/19  (rcs-revision 1.7)
)))
(/usr/share/texmf/tex/generic/pgf/systemlayer/pgfsyssoftpath.code.tex
File: pgfsyssoftpath.code.tex 2008/07/18  (rcs-revision 1.7)
\pgfsyssoftpath@smallbuffer@items=\count93
\pgfsyssoftpath@bigbuffer@items=\count94
)
(/usr/share/texmf/tex/generic/pgf/systemlayer/pgfsysprotocol.code.tex
File: pgfsysprotocol.code.tex 2006/10/16  (rcs-revision 1.4)
))
(/usr/share/texmf/tex/latex/xcolor/xcolor.sty
Package: xcolor 2007/01/21 v2.11 LaTeX color extensions (UK)

(/etc/texmf/tex/latex/config/color.cfg
File: color.cfg 2007/01/18 v1.5 color configuration of teTeX/TeXLive
)
Package xcolor Info: Driver file: xetex.def on input line 225.
Package xcolor Info: Model `cmy' substituted by `cmy0' on input line 1337.
Package xcolor Info: Model `RGB' extended on input line 1353.
Package xcolor Info: Model `HTML' substituted by `rgb' on input line 1355.
Package xcolor Info: Model `Hsb' substituted by `hsb' on input line 1356.
Package xcolor Info: Model `tHsb' substituted by `hsb' on input line 1357.
Package xcolor Info: Model `HSB' substituted by `hsb' on input line 1358.
Package xcolor Info: Model `Gray' substituted by `gray' on input line 1359.
Package xcolor Info: Model `wave' substituted by `hsb' on input line 1360.
)
(/usr/share/texmf/tex/generic/pgf/basiclayer/pgfcore.code.tex
Package: pgfcore 2010/04/11 v2.10 (rcs-revision 1.7)

(/usr/share/texmf/tex/generic/pgf/math/pgfmath.code.tex
(/usr/share/texmf/tex/generic/pgf/math/pgfmathcalc.code.tex
(/usr/share/texmf/tex/generic/pgf/math/pgfmathutil.code.tex)
(/usr/share/texmf/tex/generic/pgf/math/pgfmathparser.code.tex
\pgfmath@dimen=\dimen114
\pgfmath@count=\count95
\pgfmath@box=\box28
\pgfmath@toks=\toks22
\pgfmath@stack@operand=\toks23
\pgfmath@stack@operation=\toks24
)
(/usr/share/texmf/tex/generic/pgf/math/pgfmathfunctions.code.tex
(/usr/share/texmf/tex/generic/pgf/math/pgfmathfunctions.basic.code.tex)
(/usr/share/texmf/tex/generic/pgf/math/pgfmathfunctions.trigonometric.code.tex)
(/usr/share/texmf/tex/generic/pgf/math/pgfmathfunctions.random.code.tex)
(/usr/share/texmf/tex/generic/pgf/math/pgfmathfunctions.comparison.code.tex)
(/usr/share/texmf/tex/generic/pgf/math/pgfmathfunctions.base.code.tex)
(/usr/share/texmf/tex/generic/pgf/math/pgfmathfunctions.round.code.tex)
(/usr/share/texmf/tex/generic/pgf/math/pgfmathfunctions.misc.code.tex)))
(/usr/share/texmf/tex/generic/pgf/math/pgfmathfloat.code.tex
\c@pgfmathroundto@lastzeros=\count96
))
(/usr/share/texmf/tex/generic/pgf/basiclayer/pgfcorepoints.code.tex
File: pgfcorepoints.code.tex 2010/04/09  (rcs-revision 1.20)
\pgf@picminx=\dimen115
\pgf@picmaxx=\dimen116
\pgf@picminy=\dimen117
\pgf@picmaxy=\dimen118
\pgf@pathminx=\dimen119
\pgf@pathmaxx=\dimen120
\pgf@pathminy=\dimen121
\pgf@pathmaxy=\dimen122
\pgf@xx=\dimen123
\pgf@xy=\dimen124
\pgf@yx=\dimen125
\pgf@yy=\dimen126
\pgf@zx=\dimen127
\pgf@zy=\dimen128
)
(/usr/share/texmf/tex/generic/pgf/basiclayer/pgfcorepathconstruct.code.tex
File: pgfcorepathconstruct.code.tex 2010/08/03  (rcs-revision 1.24)
\pgf@path@lastx=\dimen129
\pgf@path@lasty=\dimen130
)
(/usr/share/texmf/tex/generic/pgf/basiclayer/pgfcorepathusage.code.tex
File: pgfcorepathusage.code.tex 2008/04/22  (rcs-revision 1.12)
\pgf@shorten@end@additional=\dimen131
\pgf@shorten@start@additional=\dimen132
)
(/usr/share/texmf/tex/generic/pgf/basiclayer/pgfcorescopes.code.tex
File: pgfcorescopes.code.tex 2010/09/08  (rcs-revision 1.34)
\pgfpic=\box29
\pgf@hbox=\box30
\pgf@layerbox@main=\box31
\pgf@picture@serial@count=\count97
)
(/usr/share/texmf/tex/generic/pgf/basiclayer/pgfcoregraphicstate.code.tex
File: pgfcoregraphicstate.code.tex 2008/04/22  (rcs-revision 1.9)
\pgflinewidth=\dimen133
)
(/usr/share/texmf/tex/generic/pgf/basiclayer/pgfcoretransformations.code.tex
File: pgfcoretransformations.code.tex 2009/06/10  (rcs-revision 1.11)
\pgf@pt@x=\dimen134
\pgf@pt@y=\dimen135
\pgf@pt@temp=\dimen136
)
(/usr/share/texmf/tex/generic/pgf/basiclayer/pgfcorequick.code.tex
File: pgfcorequick.code.tex 2008/10/09  (rcs-revision 1.3)
)
(/usr/share/texmf/tex/generic/pgf/basiclayer/pgfcoreobjects.code.tex
File: pgfcoreobjects.code.tex 2006/10/11  (rcs-revision 1.2)
)
(/usr/share/texmf/tex/generic/pgf/basiclayer/pgfcorepathprocessing.code.tex
File: pgfcorepathprocessing.code.tex 2008/10/09  (rcs-revision 1.8)
)
(/usr/share/texmf/tex/generic/pgf/basiclayer/pgfcorearrows.code.tex
File: pgfcorearrows.code.tex 2008/04/23  (rcs-revision 1.11)
)
(/usr/share/texmf/tex/generic/pgf/basiclayer/pgfcoreshade.code.tex
File: pgfcoreshade.code.tex 2008/11/23  (rcs-revision 1.13)
\pgf@max=\dimen137
\pgf@sys@shading@range@num=\count98
)
(/usr/share/texmf/tex/generic/pgf/basiclayer/pgfcoreimage.code.tex
File: pgfcoreimage.code.tex 2010/03/25  (rcs-revision 1.16)

(/usr/share/texmf/tex/generic/pgf/basiclayer/pgfcoreexternal.code.tex
File: pgfcoreexternal.code.tex 2010/09/01  (rcs-revision 1.17)
\pgfexternal@startupbox=\box32
))
(/usr/share/texmf/tex/generic/pgf/basiclayer/pgfcorelayers.code.tex
File: pgfcorelayers.code.tex 2010/08/27  (rcs-revision 1.2)
)
(/usr/share/texmf/tex/generic/pgf/basiclayer/pgfcoretransparency.code.tex
File: pgfcoretransparency.code.tex 2008/01/17  (rcs-revision 1.2)
)
(/usr/share/texmf/tex/generic/pgf/basiclayer/pgfcorepatterns.code.tex
File: pgfcorepatterns.code.tex 2009/07/02  (rcs-revision 1.3)
)))
(/usr/share/texmf/tex/generic/pgf/modules/pgfmoduleshapes.code.tex
File: pgfmoduleshapes.code.tex 2010/09/09  (rcs-revision 1.13)
\pgfnodeparttextbox=\box33
)
(/usr/share/texmf/tex/generic/pgf/modules/pgfmoduleplot.code.tex
File: pgfmoduleplot.code.tex 2010/10/22  (rcs-revision 1.8)
)
(/usr/share/texmf/tex/latex/pgf/compatibility/pgfcomp-version-0-65.sty
Package: pgfcomp-version-0-65 2007/07/03 v2.10 (rcs-revision 1.7)
\pgf@nodesepstart=\dimen138
\pgf@nodesepend=\dimen139
)
(/usr/share/texmf/tex/latex/pgf/compatibility/pgfcomp-version-1-18.sty
Package: pgfcomp-version-1-18 2007/07/23 v2.10 (rcs-revision 1.1)
))
(/usr/share/texmf/tex/latex/pgf/utilities/pgffor.sty
(/usr/share/texmf/tex/latex/pgf/utilities/pgfkeys.sty
(/usr/share/texmf/tex/generic/pgf/utilities/pgfkeys.code.tex))
(/usr/share/texmf/tex/generic/pgf/utilities/pgffor.code.tex
Package: pgffor 2010/03/23 v2.10 (rcs-revision 1.18)
\pgffor@iter=\dimen140
\pgffor@skip=\dimen141
\pgffor@stack=\toks25
\pgffor@toks=\toks26
))
(/usr/share/texmf/tex/generic/pgf/frontendlayer/tikz/tikz.code.tex
Package: tikz 2010/10/13 v2.10 (rcs-revision 1.76)

(/usr/share/texmf/tex/generic/pgf/libraries/pgflibraryplothandlers.code.tex
File: pgflibraryplothandlers.code.tex 2010/05/31 v2.10 (rcs-revision 1.15)
\pgf@plot@mark@count=\count99
\pgfplotmarksize=\dimen142
)
\tikz@lastx=\dimen143
\tikz@lasty=\dimen144
\tikz@lastxsaved=\dimen145
\tikz@lastysaved=\dimen146
\tikzleveldistance=\dimen147
\tikzsiblingdistance=\dimen148
\tikz@figbox=\box34
\tikz@tempbox=\box35
\tikztreelevel=\count100
\tikznumberofchildren=\count101
\tikznumberofcurrentchild=\count102
\tikz@fig@count=\count103

(/usr/share/texmf/tex/generic/pgf/modules/pgfmodulematrix.code.tex
File: pgfmodulematrix.code.tex 2010/08/24  (rcs-revision 1.4)
\pgfmatrixcurrentrow=\count104
\pgfmatrixcurrentcolumn=\count105
\pgf@matrix@numberofcolumns=\count106
)
\tikz@expandcount=\count107

(/usr/share/texmf/tex/generic/pgf/frontendlayer/tikz/libraries/tikzlibrarytopat
hs.code.tex
File: tikzlibrarytopaths.code.tex 2008/06/17 v2.10 (rcs-revision 1.2)
))) (/usr/share/texmf-texlive/tex/latex/geometry/geometry.sty
Package: geometry 2008/12/21 v4.2 Page Geometry

(/usr/share/texmf-texlive/tex/generic/oberdiek/ifpdf.sty
Package: ifpdf 2009/04/10 v2.0 Provides the ifpdf switch (HO)
Package ifpdf Info: pdfTeX in pdf mode not detected.
)
(/usr/share/texmf-texlive/tex/generic/oberdiek/ifvtex.sty
Package: ifvtex 2008/11/04 v1.4 Switches for detecting VTeX and its modes (HO)
Package ifvtex Info: VTeX not detected.
)
\Gm@cnth=\count108
\Gm@cntv=\count109
\c@Gm@tempcnt=\count110
\Gm@bindingoffset=\dimen149
\Gm@wd@mp=\dimen150
\Gm@odd@mp=\dimen151
\Gm@even@mp=\dimen152
\Gm@dimlist=\toks27

(/usr/share/texmf-texlive/tex/xelatex/xetexconfig/geometry.cfg))
(/usr/share/texmf-texlive/tex/latex/tools/afterpage.sty
Package: afterpage 1995/10/27 v1.08 After-Page Package (DPC)
\AP@output=\toks28
\AP@partial=\box36
\AP@footins=\box37
) (./ucharclasses.sty
Package: ucharclasses 2010/12/19 v1.0 Unicode block character classes for XeLaT
eX

(/usr/share/texmf-texlive/tex/latex/base/ifthen.sty
Package: ifthen 2001/05/26 v1.1c Standard LaTeX ifthen package (DPC)
)
(/usr/share/texmf-texlive/tex/latex/forloop/forloop.sty
Package: forloop 2006/09/18 v3.0 For Loops for LaTeX
)
\c@glyphcounter=\count111

Package ucharclasses Message: Assigning character classes per unicode block (th
is may take a while)
\@classstart=\XeTeXintercharclass4
\AegeanNumbersClass=\XeTeXintercharclass5
\AlphabeticPresentationFormsClass=\XeTeXintercharclass6
\AncientGreekMusicalNotationClass=\XeTeXintercharclass7
\AncientGreekNumbersClass=\XeTeXintercharclass8
\AncientSymbolsClass=\XeTeXintercharclass9
\ArabicClass=\XeTeXintercharclass10
\ArabicPresentationFormsAClass=\XeTeXintercharclass11
\ArabicPresentationFormsBClass=\XeTeXintercharclass12
\ArabicSupplementClass=\XeTeXintercharclass13
\ArmenianClass=\XeTeXintercharclass14
\ArrowsClass=\XeTeXintercharclass15
\BalineseClass=\XeTeXintercharclass16
\BasicLatinClass=\XeTeXintercharclass17
\BengaliClass=\XeTeXintercharclass18
\BlockElementsClass=\XeTeXintercharclass19
\BopomofoClass=\XeTeXintercharclass20
\BopomofoExtendedClass=\XeTeXintercharclass21
\BoxDrawingClass=\XeTeXintercharclass22
\BraillePatternsClass=\XeTeXintercharclass23
\BugineseClass=\XeTeXintercharclass24
\BuhidClass=\XeTeXintercharclass25
\ByzantineMusicalSymbolsClass=\XeTeXintercharclass26
\CarianClass=\XeTeXintercharclass27
\ChamClass=\XeTeXintercharclass28
\CherokeeClass=\XeTeXintercharclass29
\CJKCompatibilityClass=\XeTeXintercharclass30
\CJKCompatibilityFormsClass=\XeTeXintercharclass31
\CJKCompatibilityIdeographsClass=\XeTeXintercharclass32
\CJKCompatibilityIdeographsSupplementClass=\XeTeXintercharclass33
\CJKRadicalsSupplementClass=\XeTeXintercharclass34
\CJKStrokesClass=\XeTeXintercharclass35
\CJKSymbolsAndPunctuationClass=\XeTeXintercharclass36
\CJKUnifiedIdeographsClass=\XeTeXintercharclass37
\CJKUnifiedIdeographsExtensionAClass=\XeTeXintercharclass38
\CJKUnifiedIdeographsExtensionBClass=\XeTeXintercharclass39
\CombiningDiacriticalMarksClass=\XeTeXintercharclass40
\CombiningDiacriticalMarksforSymbolsClass=\XeTeXintercharclass41
\CombiningDiacriticalMarksSupplementClass=\XeTeXintercharclass42
\CombiningHalfMarksClass=\XeTeXintercharclass43
\ControlPicturesClass=\XeTeXintercharclass44
\CopticClass=\XeTeXintercharclass45
\CountingRodNumeralsClass=\XeTeXintercharclass46
\CuneiformClass=\XeTeXintercharclass47
\CuneiformNumbersAndPunctuationClass=\XeTeXintercharclass48
\CurrencySymbolsClass=\XeTeXintercharclass49
\CypriotSyllabaryClass=\XeTeXintercharclass50
\CyrillicClass=\XeTeXintercharclass51
\CyrillicExtendedAClass=\XeTeXintercharclass52
\CyrillicExtendedBClass=\XeTeXintercharclass53
\CyrillicSupplementClass=\XeTeXintercharclass54
\DeseretClass=\XeTeXintercharclass55
\DevanagariClass=\XeTeXintercharclass56
\DingbatsClass=\XeTeXintercharclass57
\DominoTilesClass=\XeTeXintercharclass58
\EnclosedAlphanumericsClass=\XeTeXintercharclass59
\EnclosedCJKLettersAndMonthsClass=\XeTeXintercharclass60
\EthiopicClass=\XeTeXintercharclass61
\EthiopicExtendedClass=\XeTeXintercharclass62
\EthiopicSupplementClass=\XeTeXintercharclass63
\GeneralPunctuationClass=\XeTeXintercharclass64
\GeometricShapesClass=\XeTeXintercharclass65
\GeorgianClass=\XeTeXintercharclass66
\GeorgianSupplementClass=\XeTeXintercharclass67
\GlagoliticClass=\XeTeXintercharclass68
\GothicClass=\XeTeXintercharclass69
\GreekAndCopticClass=\XeTeXintercharclass70
\GreekExtendedClass=\XeTeXintercharclass71
\GujaratiClass=\XeTeXintercharclass72
\GurmukhiClass=\XeTeXintercharclass73
\HalfwidthAndFullwidthFormsClass=\XeTeXintercharclass74
\HangulCompatibilityJamoClass=\XeTeXintercharclass75
\HangulJamoClass=\XeTeXintercharclass76
\HangulSyllablesClass=\XeTeXintercharclass77
\HanunooClass=\XeTeXintercharclass78
\HebrewClass=\XeTeXintercharclass79
\HiraganaClass=\XeTeXintercharclass80
\IdeographicDescriptionCharactersClass=\XeTeXintercharclass81
\IPAExtensionsClass=\XeTeXintercharclass82
\KanbunClass=\XeTeXintercharclass83
\KangxiRadicalsClass=\XeTeXintercharclass84
\KannadaClass=\XeTeXintercharclass85
\KatakanaClass=\XeTeXintercharclass86
\KatakanaPhoneticExtensionsClass=\XeTeXintercharclass87
\KayahLiClass=\XeTeXintercharclass88
\KharoshthiClass=\XeTeXintercharclass89
\KhmerClass=\XeTeXintercharclass90
\KhmerSymbolsClass=\XeTeXintercharclass91
\LaoClass=\XeTeXintercharclass92
\LatinExtendedAdditionalClass=\XeTeXintercharclass93
\LatinExtendedAClass=\XeTeXintercharclass94
\LatinExtendedBClass=\XeTeXintercharclass95
\LatinExtendedCClass=\XeTeXintercharclass96
\LatinExtendedDClass=\XeTeXintercharclass97
\LatinSupplementClass=\XeTeXintercharclass98
\LepchaClass=\XeTeXintercharclass99
\LetterlikeSymbolsClass=\XeTeXintercharclass100
\LimbuClass=\XeTeXintercharclass101
\LinearBIdeogramsClass=\XeTeXintercharclass102
\LinearBSyllabaryClass=\XeTeXintercharclass103
\LycianClass=\XeTeXintercharclass104
\LydianClass=\XeTeXintercharclass105
\MahjongTilesClass=\XeTeXintercharclass106
\MalayalamClass=\XeTeXintercharclass107
\MathematicalAlphanumericSymbolsClass=\XeTeXintercharclass108
\MathematicalOperatorsClass=\XeTeXintercharclass109
\MiscellaneousMathematicalSymbolsAClass=\XeTeXintercharclass110
\MiscellaneousMathematicalSymbolsBClass=\XeTeXintercharclass111
\MiscellaneousSymbolsClass=\XeTeXintercharclass112
\MiscellaneousSymbolsAndArrowsClass=\XeTeXintercharclass113
\MiscellaneousTechnicalClass=\XeTeXintercharclass114
\ModifierToneLettersClass=\XeTeXintercharclass115
\MongolianClass=\XeTeXintercharclass116
\MusicalSymbolsClass=\XeTeXintercharclass117
\MyanmarClass=\XeTeXintercharclass118
\NewTaiLueClass=\XeTeXintercharclass119
\NKoClass=\XeTeXintercharclass120
\NumberFormsClass=\XeTeXintercharclass121
\OghamClass=\XeTeXintercharclass122
\OldChikiClass=\XeTeXintercharclass123
\OldItalicClass=\XeTeXintercharclass124
\OldPersianClass=\XeTeXintercharclass125
\OpticalCharacterRecognitionClass=\XeTeXintercharclass126
\OriyaClass=\XeTeXintercharclass127
\OsmanyaClass=\XeTeXintercharclass128
\PhagsPaClass=\XeTeXintercharclass129
\PhaistosDiscClass=\XeTeXintercharclass130
\PhoenicianClass=\XeTeXintercharclass131
\PhoneticExtensionsClass=\XeTeXintercharclass132
\PhoneticExtensionsSupplementClass=\XeTeXintercharclass133
\PrivateUseAreaClass=\XeTeXintercharclass134
\RejangClass=\XeTeXintercharclass135
\RunicClass=\XeTeXintercharclass136
\SaurashtraClass=\XeTeXintercharclass137
\ShavianClass=\XeTeXintercharclass138
\SinhalaClass=\XeTeXintercharclass139
\SmallFormVariantsClass=\XeTeXintercharclass140
\SpacingModifierLettersClass=\XeTeXintercharclass141
\SpecialsClass=\XeTeXintercharclass142
\SuperscriptsAndSubscriptsClass=\XeTeXintercharclass143
\SupplementalArrowsAClass=\XeTeXintercharclass144
\SupplementalArrowsBClass=\XeTeXintercharclass145
\SupplementalMathematicalOperatorsClass=\XeTeXintercharclass146
\SupplementalPunctuationClass=\XeTeXintercharclass147
\SupplementaryPrivateUseAreaAClass=\XeTeXintercharclass148
\SupplementaryPrivateUseAreaBClass=\XeTeXintercharclass149
\SylotiNagriClass=\XeTeXintercharclass150
\SyriacClass=\XeTeXintercharclass151
\TagalogClass=\XeTeXintercharclass152
\TagbanwaClass=\XeTeXintercharclass153
\TagsClass=\XeTeXintercharclass154
\TaiLeClass=\XeTeXintercharclass155
\TaiXuanJingSymbolsClass=\XeTeXintercharclass156
\TamilClass=\XeTeXintercharclass157
\TeluguClass=\XeTeXintercharclass158
\ThaanaClass=\XeTeXintercharclass159
\ThaiClass=\XeTeXintercharclass160
\TibetanClass=\XeTeXintercharclass161
\TifinaghClass=\XeTeXintercharclass162
\UgariticClass=\XeTeXintercharclass163
\UnifiedCanadianAboriginalSyllabicsClass=\XeTeXintercharclass164
\VaiClass=\XeTeXintercharclass165
\VariationSelectorsClass=\XeTeXintercharclass166
\VariationSelectorsSupplementClass=\XeTeXintercharclass167
\VerticalFormsClass=\XeTeXintercharclass168
\YiRadicalsClass=\XeTeXintercharclass169
\YiSyllablesClass=\XeTeXintercharclass170
\YijingHexagramSymbolsClass=\XeTeXintercharclass171
\MandaicClass=\XeTeXintercharclass172
\BatakClass=\XeTeXintercharclass173
\EthiopicExtendedAClass=\XeTeXintercharclass174
\BrahmiClass=\XeTeXintercharclass175
\BamumSupplementClass=\XeTeXintercharclass176
\KanaSupplementClass=\XeTeXintercharclass177
\PlayingCardsClass=\XeTeXintercharclass178
\MiscellaneousSymbolsAndPictographsClass=\XeTeXintercharclass179
\EmoticonsClass=\XeTeXintercharclass180
\TransportAndMapSymbolsClass=\XeTeXintercharclass181
\AlchemicalSymbolsClass=\XeTeXintercharclass182
\CJKUnifiedIdeographsExtensionDClass=\XeTeXintercharclass183
\@classend=\XeTeXintercharclass184
\c@iclass=\count112
)
(/usr/share/texmf-texlive/tex/xelatex/polyglossia/gloss-english.ldf
File: gloss-english.ldf polyglossia: module for english
\l@british = a dialect from \language\l@english 
)
Package polyglossia Info: Default language is english..

(/usr/share/texmf-texlive/tex/xelatex/polyglossia/gloss-thai.ldf
File: gloss-thai.ldf polyglossia: module for thai
)
(/usr/share/texmf-texlive/tex/latex/base/report.cls
Document Class: report 2007/10/19 v1.4h Standard LaTeX document class
(/usr/share/texmf-texlive/tex/latex/base/size10.clo
File: size10.clo 2007/10/19 v1.4h Standard LaTeX file (size option)
)
\c@part=\count113
\c@chapter=\count114
\c@section=\count115
\c@subsection=\count116
\c@subsubsection=\count117
\c@paragraph=\count118
\c@subparagraph=\count119
\c@figure=\count120
\c@table=\count121
\abovecaptionskip=\skip58
\belowcaptionskip=\skip59
\bibindent=\dimen153
)
\c@subsubsubsection=\count122
\c@bib=\count123
\c@TotalPage=\count124
\c@isAppendiced=\count125
\pageleft=\skip60
\tocindentchap=\skip61
\tocnwidthchap=\skip62
\tocindentsection=\skip63
\tocnwidthsection=\skip64
\tocindentsubsection=\skip65
\tocnwidthsubsection=\skip66
\tocindentsubsubsection=\skip67
\tocnwidthsubsubsection=\skip68
\tocindentsubsubsubsection=\skip69
\tocnwidthsubsubsubsection=\skip70
\tocnwidthperstep=\skip71
\tocnwidthoffset=\skip72
)
(/usr/share/texmf-texlive/tex/latex/amsfonts/amssymb.sty
Package: amssymb 2009/06/22 v3.00

(/usr/share/texmf-texlive/tex/latex/amsfonts/amsfonts.sty
Package: amsfonts 2009/06/22 v3.00 Basic AMSFonts support
\@emptytoks=\toks29
\symAMSa=\mathgroup4
\symAMSb=\mathgroup5
LaTeX Font Info:    Overwriting math alphabet `\mathfrak' in version `bold'
(Font)                  U/euf/m/n --> U/euf/b/n on input line 96.
)

/usr/share/texmf-texlive/tex/latex/amsfonts/amssymb.sty:231: LaTeX Error: Comma
nd `\Finv' already defined.

See the LaTeX manual or LaTeX Companion for explanation.
Type  H <return>  for immediate help.
 ...                                              
                                                  
l.231 ...ol{\Finv}           {\mathord}{AMSb}{"60}
                                                  
Your command was ignored.
Type  I <command> <return>  to replace it with another command,
or  <return>  to continue without it.


/usr/share/texmf-texlive/tex/latex/amsfonts/amssymb.sty:232: LaTeX Error: Comma
nd `\Game' already defined.

See the LaTeX manual or LaTeX Companion for explanation.
Type  H <return>  for immediate help.
 ...                                              
                                                  
l.232 ...ol{\Game}           {\mathord}{AMSb}{"61}
                                                  
Your command was ignored.
Type  I <command> <return>  to replace it with another command,
or  <return>  to continue without it.


/usr/share/texmf-texlive/tex/latex/amsfonts/amssymb.sty:237: LaTeX Error: Comma
nd `\beth' already defined.

See the LaTeX manual or LaTeX Companion for explanation.
Type  H <return>  for immediate help.
 ...                                              
                                                  
l.237 ...ol{\beth}           {\mathord}{AMSb}{"69}
                                                  
Your command was ignored.
Type  I <command> <return>  to replace it with another command,
or  <return>  to continue without it.


/usr/share/texmf-texlive/tex/latex/amsfonts/amssymb.sty:238: LaTeX Error: Comma
nd `\gimel' already defined.

See the LaTeX manual or LaTeX Companion for explanation.
Type  H <return>  for immediate help.
 ...                                              
                                                  
l.238 ...ol{\gimel}          {\mathord}{AMSb}{"6A}
                                                  
Your command was ignored.
Type  I <command> <return>  to replace it with another command,
or  <return>  to continue without it.


/usr/share/texmf-texlive/tex/latex/amsfonts/amssymb.sty:239: LaTeX Error: Comma
nd `\daleth' already defined.

See the LaTeX manual or LaTeX Companion for explanation.
Type  H <return>  for immediate help.
 ...                                              
                                                  
l.239 ...ol{\daleth}         {\mathord}{AMSb}{"6B}
                                                  
Your command was ignored.
Type  I <command> <return>  to replace it with another command,
or  <return>  to continue without it.

) (/usr/share/texmf-texlive/tex/latex/ltxmisc/ulem.sty
\UL@box=\box38
\UL@hyphenbox=\box39
\UL@skip=\skip73
\UL@hook=\toks30
\UL@pe=\count126
\UL@pixel=\dimen154
\ULC@box=\box40
Package: ulem 2000/05/26
\ULdepth=\dimen155
)
(/usr/share/texmf-texlive/tex/latex/amsmath/amsmath.sty
Package: amsmath 2000/07/18 v2.13 AMS math features
\@mathmargin=\skip74

For additional information on amsmath, use the `?' option.
(/usr/share/texmf-texlive/tex/latex/amsmath/amstext.sty
Package: amstext 2000/06/29 v2.01

(/usr/share/texmf-texlive/tex/latex/amsmath/amsgen.sty
File: amsgen.sty 1999/11/30 v2.0
\@emptytoks=\toks31
\ex@=\dimen156
))
(/usr/share/texmf-texlive/tex/latex/amsmath/amsbsy.sty
Package: amsbsy 1999/11/29 v1.2d
\pmbraise@=\dimen157
)
(/usr/share/texmf-texlive/tex/latex/amsmath/amsopn.sty
Package: amsopn 1999/12/14 v2.01 operator names
)
\inf@bad=\count127
LaTeX Info: Redefining \frac on input line 211.
\uproot@=\count128
\leftroot@=\count129
LaTeX Info: Redefining \overline on input line 307.
\classnum@=\count130
\DOTSCASE@=\count131
LaTeX Info: Redefining \ldots on input line 379.
LaTeX Info: Redefining \dots on input line 382.
LaTeX Info: Redefining \cdots on input line 467.
\Mathstrutbox@=\box41
\strutbox@=\box42
\big@size=\dimen158
LaTeX Font Info:    Redeclaring font encoding OML on input line 567.
LaTeX Font Info:    Redeclaring font encoding OMS on input line 568.
\macc@depth=\count132
\c@MaxMatrixCols=\count133
\dotsspace@=\muskip10
\c@parentequation=\count134
\dspbrk@lvl=\count135
\tag@help=\toks32
\row@=\count136
\column@=\count137
\maxfields@=\count138
\andhelp@=\toks33
\eqnshift@=\dimen159
\alignsep@=\dimen160
\tagshift@=\dimen161
\tagwidth@=\dimen162
\totwidth@=\dimen163
\lineht@=\dimen164
\@envbody=\toks34
\multlinegap=\skip75
\multlinetaggap=\skip76
\mathdisplay@stack=\toks35
LaTeX Info: Redefining \[ on input line 2666.
LaTeX Info: Redefining \] on input line 2667.
) (./algorithm.sty
Package: algorithm 

Document Style `algorithm' - floating environment
(/usr/share/texmf-texlive/tex/latex/float/float.sty
Package: float 2001/11/08 v1.3d Float enhancements (AL)
\c@float@type=\count139
\float@exts=\toks36
\float@box=\box43
\@float@everytoks=\toks37
\@floatcapt=\box44
)
\@float@every@algorithm=\toks38
\c@algorithm=\count140
) (./algorithmic.sty
Package: algorithmic 

Document Style `algorithmic' - environment
\c@ALC@line=\count141
\c@ALC@rem=\count142
\ALC@tlm=\skip77
) (/usr/share/texmf-texlive/tex/latex/tools/array.sty
Package: array 2008/09/09 v2.4c Tabular extension package (FMi)
\col@sep=\dimen165
\extrarowheight=\dimen166
\NC@list=\toks39
\extratabsurround=\skip78
\backup@length=\skip79
)
(/usr/share/texmf-texlive/tex/latex/subfig/subfig.sty
Package: subfig 2005/06/28 ver: 1.3 subfig package

(/usr/share/texmf-texlive/tex/latex/caption/caption.sty
Package: caption 2009/10/09 v3.1k Customizing captions (AR)

(/usr/share/texmf-texlive/tex/latex/caption/caption3.sty
Package: caption3 2009/10/09 v3.1k caption3 kernel (AR)
\captionmargin=\dimen167
\captionmargin@=\dimen168
\captionwidth=\dimen169
\caption@indent=\dimen170
\caption@parindent=\dimen171
\caption@hangindent=\dimen172
Package caption Info: Unknown document class (or package),
(caption)             standard defaults will be used on input line 1068.
)

Package caption Warning: Unsupported document class (or package) detected,
(caption)                usage of the caption package is not recommended.
See the caption package documentation for explanation.

Package caption Info: \@makecaption = \long macro:#1#2-> \vskip \abovecaptionsk
ip \sbox \@tempboxa {#1: #2} \ifdim \wd \@tempboxa > \hsize #1: #2\par \else \g
lobal \@minipagefalse \hb@xt@ \hsize {\hfil \box \@tempboxa \hfil } \fi \vskip 
\belowcaptionskip .
\c@ContinuedFloat=\count143
Package caption Info: float package is loaded.
)
\c@KVtest=\count144
\sf@farskip=\skip80
\sf@captopadj=\dimen173
\sf@capskip=\skip81
\sf@nearskip=\skip82
\c@subfigure=\count145
\c@subfigure@save=\count146
\c@lofdepth=\count147
\c@subtable=\count148
\c@subtable@save=\count149
\c@lotdepth=\count150
\sf@top=\skip83
\sf@bottom=\skip84
) (/usr/share/texmf-texlive/tex/latex/ltxmisc/url.sty
\Urlmuskip=\muskip11
Package: url 2006/04/12  ver 3.3  Verb mode for urls, etc.
)
(/usr/share/texmf-texlive/tex/latex/setspace/setspace.sty
Package: setspace 2000/12/01 6.7 Contributed and Supported LaTeX2e package

Package: `setspace' 6.7 <2000/12/01>
) (/usr/share/texmf-texlive/tex/latex/multirow/multirow.sty
\bigstrutjot=\dimen174
)
(/usr/share/texmf-texlive/tex/latex/tools/indentfirst.sty
Package: indentfirst 1995/11/23 v1.03 Indent first paragraph (DPC)
)
(/usr/share/texmf-texlive/tex/latex/natbib/natbib.sty
Package: natbib 2009/07/16 8.31 (PWD, AO)
\bibhang=\skip85
\bibsep=\skip86
LaTeX Info: Redefining \cite on input line 694.
\c@NAT@ctr=\count151
)
\c@thm=\count152
\c@AcadYear=\count153
\c@EngAcadYear=\count154

\@input{macros.aux}
\openout2 = `macros.aux'.

(./macros.tex) (./supasate.aux (./abstractthai.aux) (./abstractenglish.aux)
(./acknowledgement.aux) (./chapter1.aux) (./chapter2.aux) (./chapter3.aux)
(./chapter4.aux) (./chapter5.aux) (./chapter6.aux) (./chapter7.aux)
(./appendix1.aux) (./appendix2.aux) (./biography.aux))
\openout1 = `supasate.aux'.

LaTeX Font Info:    Checking defaults for OML/cmm/m/it on input line 149.
LaTeX Font Info:    ... okay on input line 149.
LaTeX Font Info:    Checking defaults for T1/cmr/m/n on input line 149.
LaTeX Font Info:    ... okay on input line 149.
LaTeX Font Info:    Checking defaults for OT1/cmr/m/n on input line 149.
LaTeX Font Info:    ... okay on input line 149.
LaTeX Font Info:    Checking defaults for OMS/cmsy/m/n on input line 149.
LaTeX Font Info:    ... okay on input line 149.
LaTeX Font Info:    Checking defaults for OMX/cmex/m/n on input line 149.
LaTeX Font Info:    ... okay on input line 149.
LaTeX Font Info:    Checking defaults for U/cmr/m/n on input line 149.
LaTeX Font Info:    ... okay on input line 149.
LaTeX Font Info:    Checking defaults for EU1/lmr/m/n on input line 149.
LaTeX Font Info:    ... okay on input line 149.
Package fontspec Info: Adjusting the maths setup (use [no-math] to avoid this).
 on input line 149.
\symlegacymaths=\mathgroup6
LaTeX Font Info:    Overwriting symbol font `legacymaths' in version `bold'
(Font)                  OT1/cmr/m/n --> OT1/cmr/bx/n on input line 149.
LaTeX Font Info:    Redeclaring math accent \acute on input line 149.
LaTeX Font Info:    Redeclaring math accent \grave on input line 149.
LaTeX Font Info:    Redeclaring math accent \ddot on input line 149.
LaTeX Font Info:    Redeclaring math accent \tilde on input line 149.
LaTeX Font Info:    Redeclaring math accent \bar on input line 149.
LaTeX Font Info:    Redeclaring math accent \breve on input line 149.
LaTeX Font Info:    Redeclaring math accent \check on input line 149.
LaTeX Font Info:    Redeclaring math accent \hat on input line 149.
LaTeX Font Info:    Redeclaring math accent \dot on input line 149.
LaTeX Font Info:    Redeclaring math accent \mathring on input line 149.
LaTeX Font Info:    Redeclaring math symbol \Gamma on input line 149.
LaTeX Font Info:    Redeclaring math symbol \Delta on input line 149.
LaTeX Font Info:    Redeclaring math symbol \Theta on input line 149.
LaTeX Font Info:    Redeclaring math symbol \Lambda on input line 149.
LaTeX Font Info:    Redeclaring math symbol \Xi on input line 149.
LaTeX Font Info:    Redeclaring math symbol \Pi on input line 149.
LaTeX Font Info:    Redeclaring math symbol \Sigma on input line 149.
LaTeX Font Info:    Redeclaring math symbol \Upsilon on input line 149.
LaTeX Font Info:    Redeclaring math symbol \Phi on input line 149.
LaTeX Font Info:    Redeclaring math symbol \Psi on input line 149.
LaTeX Font Info:    Redeclaring math symbol \Omega on input line 149.
LaTeX Font Info:    Redeclaring math symbol \mathdollar on input line 149.
LaTeX Font Info:    Redeclaring symbol font `operators' on input line 149.
LaTeX Font Info:    Encoding `OT1' has changed to `EU1' for symbol font
(Font)              `operators' in the math version `normal' on input line 149.

LaTeX Font Info:    Overwriting symbol font `operators' in version `normal'
(Font)                  OT1/cmr/m/n --> EU1/lmr/m/n on input line 149.
LaTeX Font Info:    Encoding `OT1' has changed to `EU1' for symbol font
(Font)              `operators' in the math version `bold' on input line 149.
LaTeX Font Info:    Overwriting symbol font `operators' in version `bold'
(Font)                  OT1/cmr/bx/n --> EU1/lmr/m/n on input line 149.
LaTeX Font Info:    Overwriting symbol font `operators' in version `normal'
(Font)                  EU1/lmr/m/n --> EU1/lmr/m/n on input line 149.
LaTeX Font Info:    Overwriting math alphabet `\mathrm' in version `normal'
(Font)                  EU1/lmr/m/n --> EU1/lmr/m/n on input line 149.
LaTeX Font Info:    Overwriting math alphabet `\mathit' in version `normal'
(Font)                  OT1/cmr/m/it --> EU1/lmr/m/it on input line 149.
LaTeX Font Info:    Overwriting math alphabet `\mathbf' in version `normal'
(Font)                  OT1/cmr/bx/n --> EU1/lmr/bx/n on input line 149.
LaTeX Font Info:    Overwriting math alphabet `\mathsf' in version `normal'
(Font)                  OT1/cmss/m/n --> EU1/lmss/m/n on input line 149.
LaTeX Font Info:    Overwriting math alphabet `\mathtt' in version `normal'
(Font)                  OT1/cmtt/m/n --> EU1/lmtt/m/n on input line 149.
LaTeX Font Info:    Overwriting symbol font `operators' in version `bold'
(Font)                  EU1/lmr/m/n --> EU1/lmr/bx/n on input line 149.
LaTeX Font Info:    Overwriting math alphabet `\mathrm' in version `bold'
(Font)                  EU1/lmr/m/n --> EU1/lmr/bx/n on input line 149.
LaTeX Font Info:    Overwriting math alphabet `\mathit' in version `bold'
(Font)                  OT1/cmr/bx/it --> EU1/lmr/bx/it on input line 149.
LaTeX Font Info:    Overwriting math alphabet `\mathsf' in version `bold'
(Font)                  OT1/cmss/bx/n --> EU1/lmss/bx/n on input line 149.
LaTeX Font Info:    Overwriting math alphabet `\mathtt' in version `bold'
(Font)                  OT1/cmtt/m/n --> EU1/lmtt/bx/n on input line 149.
LaTeX Info: Redefining \selectfont on input line 149.

ABD: EveryShipout initializing macros
*geometry detected driver: pdftex*
-------------------- Geometry parameters
paper: user defined
landscape: --
twocolumn: --
twoside: --
asymmetric: --
h-parts: 108.405pt, 416.99821pt, 72.26999pt
v-parts: 108.405pt, 664.16148pt, 72.26999pt
hmarginratio: --
vmarginratio: --
lines: --
heightrounded: --
bindingoffset: 0.0pt
truedimen: --
includehead: --
includefoot: --
includemp: --
driver: pdftex
-------------------- Page layout dimensions and switches
\paperwidth  597.6732pt
\paperheight 844.83647pt
\textwidth  416.99821pt
\textheight 664.16148pt
\oddsidemargin  36.13501pt
\evensidemargin 36.13501pt
\topmargin  -0.86499pt
\headheight 0.0pt
\headsep    28.45274pt
\footskip   0.0pt
\marginparwidth 0.0pt
\marginparsep   0.0pt
\columnsep  10.0pt
\skip\footins  9.0pt plus 4.0pt minus 2.0pt
\hoffset 0.0pt
\voffset 0.0pt
\mag 1000

(1in=72.27pt, 1cm=28.45pt)
-----------------------
Package caption Info: Begin \AtBeginDocument code.
Package caption3 Info: subfig package 1.2 or 1.3 is loaded.
LaTeX Info: Redefining \subref on input line 149.
Package caption Info: End \AtBeginDocument code.
LaTeX Font Info:    Calculating math sizes for size <11> on input line 151.
LaTeX Font Info:    Font shape `OML/cmm/m/it' in size <5.5> not available
(Font)              size <5> substituted on input line 151.
LaTeX Font Info:    Font shape `OMS/cmsy/m/n' in size <5.5> not available
(Font)              size <5> substituted on input line 151.
LaTeX Font Info:    Try loading font information for U+msa on input line 151.
(/usr/share/texmf-texlive/tex/latex/amsfonts/umsa.fd
File: umsa.fd 2009/06/22 v3.00 AMS symbols A
)
LaTeX Font Info:    Try loading font information for U+msb on input line 151.

(/usr/share/texmf-texlive/tex/latex/amsfonts/umsb.fd
File: umsb.fd 2009/06/22 v3.00 AMS symbols B
)
LaTeX Font Info:    Font shape `OT1/cmr/m/n' in size <5.5> not available
(Font)              size <5> substituted on input line 151.
\c@zf@famc@Garuda=\count155
Package fontspec Info: Defining font family for 'Garuda' with options [] on inp
ut line 151.
 [1



] [2]
Underfull \hbox (badness 10000) in paragraph at lines 159--159
[]|\EU1/lmr/m/n/11 A PHYSICOMIMETICS DESYNCHRONIZATION ALGO-
 []


Underfull \hbox (badness 4120) in paragraph at lines 159--159
\EU1/lmr/m/n/11 RITHM WITHOUT GLOBAL TIME KNOWLEDGE FOR
 []


Overfull \hbox (5.34035pt too wide) in paragraph at lines 159--159
[] 
 []


Overfull \hbox (85.35826pt too wide) in paragraph at lines 159--159
[]|| | 
 []


Overfull \hbox (11.92084pt too wide) in paragraph at lines 159--159
[] 
 []


Overfull \hbox (85.35826pt too wide) in paragraph at lines 159--159
[]|| | 
 []


Overfull \hbox (85.35826pt too wide) in paragraph at lines 159--159
[]|| | 
 []


Overfull \hbox (85.35826pt too wide) in paragraph at lines 159--159
[]|| | 
 []


Overfull \hbox (85.35826pt too wide) in paragraph at lines 159--159
[]|| | 
 []


Overfull \hbox (85.35826pt too wide) in paragraph at lines 159--159
[]|| | 
 []

[3]
\openout2 = `abstractthai.aux'.

 (./abstractthai.tex
Overfull \hbox (1.87627pt too wide) in paragraph at lines 9--9
[] 
 []

)
Overfull \vbox (6.57pt too high) has occurred while \output is active []

 [4

]
\openout2 = `abstractenglish.aux'.


(./abstractenglish.tex
Overfull \hbox (5.02177pt too wide) in paragraph at lines 1--1
\EU1/lmr/m/n/11 KEYWORDS: DESYNCHRONIZATION / PHYSICOMIMETICS/ ARTIFICIAL FORCE

 []


Overfull \hbox (5.12889pt too wide) in paragraph at lines 1--1
\EU1/lmr/m/n/11 ALGORITHM WITHOUT GLOBAL TIME KNOWLEDGE FOR WIRELESS SEN-
 []

)
Overfull \hbox (1.87627pt too wide) in paragraph at lines 9--166
[]
 []


Underfull \hbox (badness 10000) in paragraph at lines 9--166

 []


Overfull \vbox (4.31pt too high) has occurred while \output is active []

 [5


]
\openout2 = `acknowledgement.aux'.


(./acknowledgement.tex)
Overfull \vbox (6.57pt too high) has occurred while \output is active []

 [6


]
(./supasate.toc [7

]
Overfull \vbox (6.57pt too high) has occurred while \output is active []

 [8]
Overfull \hbox (1.94363pt too wide) detected at line 226
 []\EU1/lmr/m/n/11 102
 []


Overfull \hbox (4.35263pt too wide) detected at line 230
 []\EU1/lmr/bx/n/11 102
 []


Overfull \hbox (4.35263pt too wide) detected at line 234
 []\EU1/lmr/bx/n/11 105
 []


Overfull \hbox (1.94363pt too wide) detected at line 237
 []\EU1/lmr/m/n/11 106
 []

)
\tf@toc=\write4
\openout4 = `supasate.toc'.


Overfull \vbox (6.57pt too high) has occurred while \output is active []

 [9]
(./supasate.lot)
\tf@lot=\write5
\openout5 = `supasate.lot'.


Overfull \vbox (4.31pt too high) has occurred while \output is active []

 [10]
(./supasate.lof
Overfull \vbox (6.57pt too high) has occurred while \output is active []

 [11]
Overfull \vbox (6.57pt too high) has occurred while \output is active []

 [12]
Overfull \vbox (6.57pt too high) has occurred while \output is active []

 [13])
\tf@lof=\write6
\openout6 = `supasate.lof'.


Overfull \vbox (6.57pt too high) has occurred while \output is active []

 [14]
\openout2 = `chapter1.aux'.


(./chapter1.tex [1


]
Overfull \vbox (6.66pt too high) has occurred while \output is active []

 [2]
Overfull \vbox (6.66pt too high) has occurred while \output is active []

 [3]
Overfull \vbox (6.77pt too high) has occurred while \output is active []

 [4])
Overfull \vbox (6.66pt too high) has occurred while \output is active []

 [5]
\openout2 = `chapter2.aux'.


(./chapter2.tex
File: figure/time_circle.eps Graphic file (type eps)
 <figure/time_circle.eps> [6



]
Overfull \hbox (4.10986pt too wide) in paragraph at lines 46--47
[]\EU1/lmr/m/it/11 The system is in the perfect desynchrony
 []


Overfull \vbox (6.76pt too high) has occurred while \output is active []

 [7]
Overfull \vbox (6.66pt too high) has occurred while \output is active []

 [8]
Overfull \vbox (6.66pt too high) has occurred while \output is active []

 [9]
Overfull \hbox (14.62172pt too wide) in paragraph at lines 93--125
 [][] 
 []

File: figure/robotic-closed-ring.eps Graphic file (type eps)
<figure/robotic-closed-ring.eps>
File: figure/robotic-closed-ring-perfect.eps Graphic file (type eps)
 <figure/robotic-closed-ring-perfect.eps>
Overfull \vbox (6.66pt too high) has occurred while \output is active []

 [10]
File: figure/robotic-closed-ring-desync.eps Graphic file (type eps)

<figure/robotic-closed-ring-desync.eps>
File: figure/robotic-closed-ring-desync-perfect.eps Graphic file (type eps)

<figure/robotic-closed-ring-desync-perfect.eps>
Overfull \vbox (6.66pt too high) has occurred while \output is active []

 [11]
File: figure/robo_new.eps Graphic file (type eps)

<figure/robo_new.eps>
Overfull \vbox (6.66pt too high) has occurred while \output is active []

 [12])
Overfull \vbox (6.66pt too high) has occurred while \output is active []

 [13]
\openout2 = `chapter3.aux'.


(./chapter3.tex [14



]
File: figure/forcefield.eps Graphic file (type eps)
 <figure/forcefield.eps>
Overfull \vbox (6.66pt too high) has occurred while \output is active []

 [15]
Overfull \vbox (6.66pt too high) has occurred while \output is active []

 [16]
Overfull \vbox (6.76pt too high) has occurred while \output is active []

 [17]
File: figure/k-trendline.eps Graphic file (type eps)

<figure/k-trendline.eps>
Overfull \vbox (6.66pt too high) has occurred while \output is active []

 [18]
Underfull \hbox (badness 10000) in paragraph at lines 160--162

 []


Underfull \hbox (badness 10000) in paragraph at lines 174--176

 []


Overfull \vbox (6.66pt too high) has occurred while \output is active []

 [19]
Overfull \vbox (6.66pt too high) has occurred while \output is active []

 [20]
File: figure/desync-0-10.eps Graphic file (type eps)

<figure/desync-0-10.eps>
File: figure/desync-0-15.eps Graphic file (type eps)
 <figure/desync-0-15.eps>
File: figure/desync-0-20.eps Graphic file (type eps)
 <figure/desync-0-20.eps>
File: figure/desync-0-25.eps Graphic file (type eps)

<figure/desync-0-25.eps>
File: figure/desync-0-30.eps Graphic file (type eps)
 <figure/desync-0-30.eps>
File: figure/desync-0-35.eps Graphic file (type eps)
 <figure/desync-0-35.eps>
File: figure/desync-0-40.eps Graphic file (type eps)

<figure/desync-0-40.eps>
File: figure/desync-0-45.eps Graphic file (type eps)
 <figure/desync-0-45.eps>
File: figure/desync-0-50.eps Graphic file (type eps)
 <figure/desync-0-50.eps>
File: figure/desync-0-55.eps Graphic file (type eps)

<figure/desync-0-55.eps>
File: figure/desync-0-60.eps Graphic file (type eps)
 <figure/desync-0-60.eps>
File: figure/desync-0-65.eps Graphic file (type eps)
 <figure/desync-0-65.eps>
File: figure/desync-0-70.eps Graphic file (type eps)

<figure/desync-0-70.eps>
File: figure/desync-0-75.eps Graphic file (type eps)
 <figure/desync-0-75.eps>
File: figure/desync-0-80.eps Graphic file (type eps)
 <figure/desync-0-80.eps>
File: figure/desync-0-85.eps Graphic file (type eps)

<figure/desync-0-85.eps>
File: figure/desync-0-90.eps Graphic file (type eps)
 <figure/desync-0-90.eps>
File: figure/desync-0-95.eps Graphic file (type eps)
 <figure/desync-0-95.eps>
Overfull \vbox (6.66pt too high) has occurred while \output is active []

 [21]
Overfull \vbox (6.66pt too high) has occurred while \output is active []

 [22]
Overfull \vbox (6.66pt too high) has occurred while \output is active []

 [23]
Overfull \vbox (6.77pt too high) has occurred while \output is active []

 [24]
File: figure/compare300rounds_rmse_sd.eps Graphic file (type eps)

<figure/compare300rounds_rmse_sd.eps>
File: figure/compare300rounds_nrmse-expected_sd.eps Graphic file (type eps)

<figure/compare300rounds_nrmse-expected_sd.eps>
Overfull \vbox (6.66pt too high) has occurred while \output is active []

 [25]
File: figure/compare-rmse-4-16nodes_sd.eps Graphic file (type eps)

<figure/compare-rmse-4-16nodes_sd.eps>
File: figure/compare-rmse-32-48nodes_sd.eps Graphic file (type eps)
 <figure/compare-rmse-32-48nodes_sd.eps>
File: figure/compare-rmse-64-80-96nodes_sd.eps Graphic file (type eps)

<figure/compare-rmse-64-80-96nodes_sd.eps>
File: figure/compare-nrmse-4-16nodes_sd.eps Graphic file (type eps)

<figure/compare-nrmse-4-16nodes_sd.eps>
File: figure/compare-nrmse-32-48nodes_sd.eps Graphic file (type eps)

<figure/compare-nrmse-32-48nodes_sd.eps>
File: figure/compare-nrmse-64-80-96nodes_sd.eps Graphic file (type eps)

<figure/compare-nrmse-64-80-96nodes_sd.eps>
Overfull \vbox (6.66pt too high) has occurred while \output is active []

 [26]
File: figure/error-loss-16nodes_sd.eps Graphic file (type eps)

<figure/error-loss-16nodes_sd.eps>
File: figure/error-loss-48nodes_sd.eps Graphic file (type eps)
 <figure/error-loss-48nodes_sd.eps>
File: figure/error-loss-80nodes_sd.eps Graphic file (type eps)

<figure/error-loss-80nodes_sd.eps>
Overfull \vbox (6.76pt too high) has occurred while \output is active []

 [27])
Overfull \vbox (6.66pt too high) has occurred while \output is active []

 [28]
\openout2 = `chapter4.aux'.


(./chapter4.tex [29



]
Overfull \vbox (6.66pt too high) has occurred while \output is active []

 [30]
Overfull \vbox (6.66pt too high) has occurred while \output is active []

 [31]
File: figure/stability-onehop-even.eps Graphic file (type eps)

<figure/stability-onehop-even.eps>
File: figure/stability-onehop-even-adapt.eps Graphic file (type eps)
 <figure/stability-onehop-even-adapt.eps>
Overfull \vbox (6.66pt too high) has occurred while \output is active []

 [32]
Overfull \vbox (6.66pt too high) has occurred while \output is active []

 [33]
File: figure/stability-onehop-odd.eps Graphic file (type eps)

<figure/stability-onehop-odd.eps>
File: figure/stability-onehop-odd-adapt.eps Graphic file (type eps)
 <figure/stability-onehop-odd-adapt.eps>
Overfull \vbox (6.77pt too high) has occurred while \output is active []

 [34]
Overfull \vbox (6.66pt too high) has occurred while \output is active []

 [35]
Overfull \vbox (6.66pt too high) has occurred while \output is active []

 [36]
Overfull \vbox (6.76pt too high) has occurred while \output is active []

 [37]
Overfull \vbox (6.66pt too high) has occurred while \output is active []

 [38]
Overfull \vbox (6.66pt too high) has occurred while \output is active []

 [39]
Overfull \vbox (6.77pt too high) has occurred while \output is active []

 [40]
Overfull \hbox (1.00444pt too wide) detected at line 383
\OMS/cmsy/m/n/10.95 j\OML/cmm/m/it/10.95 J \OMS/cmsy/m/n/10.95 ^^@ \OML/cmm/m/i
t/10.95 ^^UI\OMS/cmsy/m/n/10.95 j \OT1/cmr/m/n/10.95 = [] (\OMS/cmsy/m/n/10.95 
^^@\OML/cmm/m/it/10.95 ^^U\OT1/cmr/m/n/10.95 )(\OMS/cmsy/m/n/10.95 ^^@\OML/cmm/
m/it/10.95 ^^U\OT1/cmr/m/n/10.95 ) [] (\OMS/cmsy/m/n/10.95 ^^@\OML/cmm/m/it/10.
95 ^^U\OT1/cmr/m/n/10.95 )(\OMS/cmsy/m/n/10.95 ^^@\OML/cmm/m/it/10.95 ^^U\OT1/c
mr/m/n/10.95 ) [] = 0\OML/cmm/m/it/10.95 :
 []


Overfull \vbox (6.77pt too high) has occurred while \output is active []

 [41]
Overfull \vbox (6.77pt too high) has occurred while \output is active []

 [42]
Overfull \hbox (10.36891pt too wide) detected at line 427
\OML/cmm/m/it/10.95 f[]\OT1/cmr/m/n/10.95 (\OML/cmm/m/it/10.95 ^^U\OT1/cmr/m/n/
10.95 ) = \OML/cmm/m/it/10.95 ^^U[] \OMS/cmsy/m/n/10.95 ^^@ [] ^^@ [] ^^@ [] ^^
@ [] ^^@ [] ^^@ [] ^^@ [] ^^@ [] \OT1/cmr/m/n/10.95 + 2\OML/cmm/m/it/10.95 A []
 \OMS/cmsy/m/n/10.95 ^^@\OT1/cmr/m/n/10.95 1 = 0\OML/cmm/m/it/10.95 :
 []


Overfull \hbox (6.39339pt too wide) detected at line 433
\OML/cmm/m/it/10.95 f[]\OT1/cmr/m/n/10.95 (\OML/cmm/m/it/10.95 ^^U\OT1/cmr/m/n/
10.95 ) = \OML/cmm/m/it/10.95 ^^U[] \OMS/cmsy/m/n/10.95 ^^@ [] ^^@ [] ^^@ [] ^^
@ [] ^^@ [] ^^@ [] ^^@ [] ^^@ [] \OT1/cmr/m/n/10.95 + 2\OML/cmm/m/it/10.95 A []
 \OMS/cmsy/m/n/10.95 ^^@\OT1/cmr/m/n/10.95 1 = 0\OML/cmm/m/it/10.95 :
 []


Overfull \vbox (6.77pt too high) has occurred while \output is active []

 [43]
Overfull \vbox (6.77pt too high) has occurred while \output is active []

 [44]
Overfull \vbox (6.77pt too high) has occurred while \output is active []

 [45])
\openout2 = `chapter5.aux'.


(./chapter5.tex
File: figure/3nodes-chain.eps Graphic file (type eps)
 <figure/3nodes-chain.eps>
File: figure/3nodes-chain-dwarf.eps Graphic file (type eps)
 <figure/3nodes-chain-dwarf.eps>
File: figure/3nodes-chain-expected.eps Graphic file (type eps)

<figure/3nodes-chain-expected.eps> [46




]
Overfull \vbox (6.77pt too high) has occurred while \output is active []

 [47]
File: figure/3nodes-chain-hidden.eps Graphic file (type eps)

<figure/3nodes-chain-hidden.eps>
Overfull \vbox (6.77pt too high) has occurred while \output is active []

 [48]
File: figure/broadcast-problem-topo.eps Graphic file (type eps)

<figure/broadcast-problem-topo.eps>
File: figure/broadcast-problem-ring.eps Graphic file (type eps)
 <figure/broadcast-problem-ring.eps>
Overfull \vbox (6.77pt too high) has occurred while \output is active []

 [49]
File: figure/broadcast-relative-topo.eps Graphic file (type eps)

<figure/broadcast-relative-topo.eps>
File: figure/broadcast-relative-ring.eps Graphic file (type eps)
 <figure/broadcast-relative-ring.eps>
File: figure/broadcast-relative-perfect.eps Graphic file (type eps)

<figure/broadcast-relative-perfect.eps>
File: figure/4nodes-chain-topo.eps Graphic file (type eps)
 <figure/4nodes-chain-topo.eps>
File: figure/4nodes-chain-expected.eps Graphic file (type eps)

<figure/4nodes-chain-expected.eps>
File: figure/4nodes-chain-dwarf.eps Graphic file (type eps)
 <figure/4nodes-chain-dwarf.eps>
Overfull \vbox (6.66pt too high) has occurred while \output is active []

 [50]
File: figure/4nodes-chain-dwarf-absorb-split.eps Graphic file (type eps)

<figure/4nodes-chain-dwarf-absorb-split.eps>
File: figure/4nodes-chain-dwarf-absorb-perfect.eps Graphic file (type eps)

<figure/4nodes-chain-dwarf-absorb-perfect.eps>
Overfull \vbox (6.66pt too high) has occurred while \output is active []

 [51]
Overfull \vbox (6.66pt too high) has occurred while \output is active []

 [52]
Overfull \vbox (6.66pt too high) has occurred while \output is active []

 [53]
Underfull \hbox (badness 10000) in paragraph at lines 193--195

 []


Underfull \hbox (badness 10000) in paragraph at lines 208--210

 []


Underfull \hbox (badness 10000) in paragraph at lines 222--224

 []


Underfull \hbox (badness 10000) in paragraph at lines 231--232
[] []$\OML/cmm/m/it/10 phasesBuffer\OT1/cmr/m/n/10 [\OML/cmm/m/it/10 twoHopNode
Id\OT1/cmr/m/n/10 ] = \OML/cmm/m/it/10 message\OT1/cmr/m/n/10 [\OML/cmm/m/it/10
 twoHopNodeId\OT1/cmr/m/n/10 ][\OML/cmm/m/it/10 relativePhase\OT1/cmr/m/n/10 ] 
+
 []


Overfull \hbox (0.13103pt too wide) in paragraph at lines 245--250
[]\EU1/lmr/m/n/11 We implement M-DWARF, EXTENDED-DESYNC, and LIGHTWEIGHT on Tin
y-
 []


Overfull \vbox (6.77pt too high) has occurred while \output is active []

 [54]
Overfull \vbox (15.03352pt too high) has occurred while \output is active []


Overfull \vbox (6.66pt too high) has occurred while \output is active []

 [55]
File: figure/compare300rounds_rmse_sd_mhop.eps Graphic file (type eps)

<figure/compare300rounds_rmse_sd_mhop.eps>
File: figure/compare300rounds_nrmse-expected_sd_mhop.eps Graphic file (type eps
)

<figure/compare300rounds_nrmse-expected_sd_mhop.eps>
File: figure/compare-rmse-4-8nodes_sd_mhop.eps Graphic file (type eps)

<figure/compare-rmse-4-8nodes_sd_mhop.eps>
File: figure/compare-rmse-16-32nodes_sd_mhop.eps Graphic file (type eps)

<figure/compare-rmse-16-32nodes_sd_mhop.eps>
File: figure/compare-nrmse-4-8nodes_sd_mhop.eps Graphic file (type eps)

<figure/compare-nrmse-4-8nodes_sd_mhop.eps>
File: figure/compare-nrmse-16-32nodes_sd_mhop.eps Graphic file (type eps)

<figure/compare-nrmse-16-32nodes_sd_mhop.eps>
File: figure/fluctuate-8.eps Graphic file (type eps)
 <figure/fluctuate-8.eps>
File: figure/fluctuate-16.eps Graphic file (type eps)

<figure/fluctuate-16.eps>
Overfull \vbox (6.66pt too high) has occurred while \output is active []

 [56]
Overfull \vbox (6.76pt too high) has occurred while \output is active []

 [57]
Overfull \vbox (6.66pt too high) has occurred while \output is active []

 [58]
File: figure/6nodes-star-eval.eps Graphic file (type eps)

<figure/6nodes-star-eval.eps>
File: figure/20nodes-star-eval.eps Graphic file (type eps)
 <figure/20nodes-star-eval.eps>
File: figure/6nodes-star-result-mdwarf-good.eps Graphic file (type eps)

<figure/6nodes-star-result-mdwarf-good.eps>
File: figure/6nodes-star-result-extdesync-good.eps Graphic file (type eps)

<figure/6nodes-star-result-extdesync-good.eps>
File: figure/6nodes-star-result-light-good.eps Graphic file (type eps)

<figure/6nodes-star-result-light-good.eps>
File: figure/20nodes-star-result-mdwarf-good.eps Graphic file (type eps)

<figure/20nodes-star-result-mdwarf-good.eps>
File: figure/20nodes-star-result-extdesync-good.eps Graphic file (type eps)

<figure/20nodes-star-result-extdesync-good.eps>
File: figure/20nodes-star-result-light-good.eps Graphic file (type eps)

<figure/20nodes-star-result-light-good.eps>
Overfull \vbox (6.66pt too high) has occurred while \output is active []

 [59]
File: figure/6nodes-star-result-mdwarf-bad.eps Graphic file (type eps)

<figure/6nodes-star-result-mdwarf-bad.eps>
File: figure/6nodes-star-result-extdesync-bad.eps Graphic file (type eps)

<figure/6nodes-star-result-extdesync-bad.eps>
File: figure/6nodes-star-result-light-bad.eps Graphic file (type eps)

<figure/6nodes-star-result-light-bad.eps>
File: figure/20nodes-star-result-mdwarf-bad.eps Graphic file (type eps)

<figure/20nodes-star-result-mdwarf-bad.eps>
File: figure/20nodes-star-result-extdesync-bad.eps Graphic file (type eps)

<figure/20nodes-star-result-extdesync-bad.eps>
File: figure/20nodes-star-result-light-bad.eps Graphic file (type eps)

<figure/20nodes-star-result-light-bad.eps>
Overfull \vbox (6.66pt too high) has occurred while \output is active []

 [60]
File: figure/3nodes-chain-eval.eps Graphic file (type eps)

<figure/3nodes-chain-eval.eps>
File: figure/10nodes-chain-eval.eps Graphic file (type eps)
 <figure/10nodes-chain-eval.eps>
File: figure/3nodes-chain-result-mdwarf-good.eps Graphic file (type eps)

<figure/3nodes-chain-result-mdwarf-good.eps>
File: figure/3nodes-chain-result-extdesync-good.eps Graphic file (type eps)

<figure/3nodes-chain-result-extdesync-good.eps>
File: figure/3nodes-chain-result-light-good.eps Graphic file (type eps)

<figure/3nodes-chain-result-light-good.eps>
File: figure/10nodes-chain-result-mdwarf-good.eps Graphic file (type eps)

<figure/10nodes-chain-result-mdwarf-good.eps>
File: figure/10nodes-chain-result-extdesync-good.eps Graphic file (type eps)

<figure/10nodes-chain-result-extdesync-good.eps>
File: figure/10nodes-chain-result-light-good.eps Graphic file (type eps)

<figure/10nodes-chain-result-light-good.eps>
Overfull \vbox (6.66pt too high) has occurred while \output is active []

 [61]
File: figure/3nodes-chain-result-mdwarf-bad.eps Graphic file (type eps)

<figure/3nodes-chain-result-mdwarf-bad.eps>
File: figure/3nodes-chain-result-extdesync-bad.eps Graphic file (type eps)

<figure/3nodes-chain-result-extdesync-bad.eps>
File: figure/3nodes-chain-result-light-bad.eps Graphic file (type eps)

<figure/3nodes-chain-result-light-bad.eps>
File: figure/10nodes-chain-result-mdwarf-bad.eps Graphic file (type eps)

<figure/10nodes-chain-result-mdwarf-bad.eps>
File: figure/10nodes-chain-result-extdesync-bad.eps Graphic file (type eps)

<figure/10nodes-chain-result-extdesync-bad.eps>
File: figure/10nodes-chain-result-light-bad.eps Graphic file (type eps)

<figure/10nodes-chain-result-light-bad.eps>
Overfull \vbox (6.66pt too high) has occurred while \output is active []

 [62]
File: figure/4nodes-cycle-eval.eps Graphic file (type eps)

<figure/4nodes-cycle-eval.eps>
File: figure/10nodes-cycle-eval.eps Graphic file (type eps)
 <figure/10nodes-cycle-eval.eps>
File: figure/4nodes-cycle-result-mdwarf-good.eps Graphic file (type eps)

<figure/4nodes-cycle-result-mdwarf-good.eps>
File: figure/4nodes-cycle-result-extdesync-good.eps Graphic file (type eps)

<figure/4nodes-cycle-result-extdesync-good.eps>
File: figure/4nodes-cycle-result-light-good.eps Graphic file (type eps)

<figure/4nodes-cycle-result-light-good.eps>
File: figure/10nodes-cycle-result-mdwarf-good.eps Graphic file (type eps)

<figure/10nodes-cycle-result-mdwarf-good.eps>
File: figure/10nodes-cycle-result-extdesync-good.eps Graphic file (type eps)

<figure/10nodes-cycle-result-extdesync-good.eps>
File: figure/10nodes-cycle-result-light-good.eps Graphic file (type eps)

<figure/10nodes-cycle-result-light-good.eps>
Overfull \vbox (6.66pt too high) has occurred while \output is active []

 [63]
File: figure/4nodes-cycle-result-mdwarf-bad.eps Graphic file (type eps)

<figure/4nodes-cycle-result-mdwarf-bad.eps>
File: figure/4nodes-cycle-result-extdesync-bad.eps Graphic file (type eps)

<figure/4nodes-cycle-result-extdesync-bad.eps>
File: figure/4nodes-cycle-result-light-bad.eps Graphic file (type eps)

<figure/4nodes-cycle-result-light-bad.eps>
File: figure/10nodes-cycle-result-mdwarf-bad.eps Graphic file (type eps)

<figure/10nodes-cycle-result-mdwarf-bad.eps>
File: figure/10nodes-cycle-result-extdesync-bad.eps Graphic file (type eps)

<figure/10nodes-cycle-result-extdesync-bad.eps>
File: figure/10nodes-cycle-result-light-bad.eps Graphic file (type eps)

<figure/10nodes-cycle-result-light-bad.eps>
File: figure/6nodes-butterfly-eval.eps Graphic file (type eps)
 <figure/6nodes-butterfly-eval.eps>
File: figure/20nodes-butterfly-eval.eps Graphic file (type eps)

<figure/20nodes-butterfly-eval.eps>
File: figure/6nodes-butterfly-result-mdwarf-good.eps Graphic file (type eps)

<figure/6nodes-butterfly-result-mdwarf-good.eps>
File: figure/6nodes-butterfly-result-extdesync-good.eps Graphic file (type eps)


<figure/6nodes-butterfly-result-extdesync-good.eps>
File: figure/6nodes-butterfly-result-light-good.eps Graphic file (type eps)

<figure/6nodes-butterfly-result-light-good.eps>
File: figure/20nodes-butterfly-result-mdwarf-good.eps Graphic file (type eps)

<figure/20nodes-butterfly-result-mdwarf-good.eps>
File: figure/20nodes-butterfly-result-extdesync-good.eps Graphic file (type eps
)

<figure/20nodes-butterfly-result-extdesync-good.eps>
File: figure/20nodes-butterfly-result-light-good.eps Graphic file (type eps)

<figure/20nodes-butterfly-result-light-good.eps>
Overfull \vbox (6.77pt too high) has occurred while \output is active []

 [64]
Overfull \vbox (6.66pt too high) has occurred while \output is active []

 [65]
File: figure/6nodes-butterfly-result-mdwarf-bad.eps Graphic file (type eps)

<figure/6nodes-butterfly-result-mdwarf-bad.eps>
File: figure/6nodes-butterfly-result-extdesync-bad.eps Graphic file (type eps)

<figure/6nodes-butterfly-result-extdesync-bad.eps>
File: figure/6nodes-butterfly-result-light-bad.eps Graphic file (type eps)

<figure/6nodes-butterfly-result-light-bad.eps>
File: figure/20nodes-butterfly-result-mdwarf-bad.eps Graphic file (type eps)

<figure/20nodes-butterfly-result-mdwarf-bad.eps>
File: figure/20nodes-butterfly-result-extdesync-bad.eps Graphic file (type eps)


<figure/20nodes-butterfly-result-extdesync-bad.eps>
File: figure/20nodes-butterfly-result-light-bad.eps Graphic file (type eps)

<figure/20nodes-butterfly-result-light-bad.eps>
File: figure/10nodes-topo-mhop.eps Graphic file (type eps)
 <figure/10nodes-topo-mhop.eps>
Overfull \vbox (6.66pt too high) has occurred while \output is active []

 [66]
File: figure/10nodes-mesh-result-mdwarf-good.eps Graphic file (type eps)

<figure/10nodes-mesh-result-mdwarf-good.eps>
File: figure/10nodes-mesh-result-extdesync-good.eps Graphic file (type eps)

<figure/10nodes-mesh-result-extdesync-good.eps>
File: figure/10nodes-mesh-result-light-good.eps Graphic file (type eps)

<figure/10nodes-mesh-result-light-good.eps>
File: figure/10nodes-mesh-result-mdwarf-bad.eps Graphic file (type eps)

<figure/10nodes-mesh-result-mdwarf-bad.eps>
File: figure/10nodes-mesh-result-extdesync-bad.eps Graphic file (type eps)

<figure/10nodes-mesh-result-extdesync-bad.eps>
File: figure/10nodes-mesh-result-light-bad.eps Graphic file (type eps)

<figure/10nodes-mesh-result-light-bad.eps>
Overfull \vbox (6.76pt too high) has occurred while \output is active []

 [67]
File: figure/period1000-mdwarf.eps Graphic file (type eps)

<figure/period1000-mdwarf.eps>
File: figure/period2000-mdwarf.eps Graphic file (type eps)
 <figure/period2000-mdwarf.eps>
File: figure/period3000-mdwarf.eps Graphic file (type eps)

<figure/period3000-mdwarf.eps>
File: figure/period1000-ext.eps Graphic file (type eps)
 <figure/period1000-ext.eps>
File: figure/period2000-ext.eps Graphic file (type eps)

<figure/period2000-ext.eps>
File: figure/period3000-ext.eps Graphic file (type eps)
 <figure/period3000-ext.eps>
Overfull \vbox (6.66pt too high) has occurred while \output is active []

 [68]
File: figure/period1000-compare-overallthroughput-30-40nodes-sd.eps Graphic fil
e (type eps)

<figure/period1000-compare-overallthroughput-30-40nodes-sd.eps>
File: figure/period2000-compare-overallthroughput-30-40nodes-sd.eps Graphic fil
e (type eps)

<figure/period2000-compare-overallthroughput-30-40nodes-sd.eps>
File: figure/period3000-compare-overallthroughput-30-40nodes-sd.eps Graphic fil
e (type eps)

<figure/period3000-compare-overallthroughput-30-40nodes-sd.eps>
File: figure/period1000-compare-overallthroughput-50-60nodes-sd.eps Graphic fil
e (type eps)

<figure/period1000-compare-overallthroughput-50-60nodes-sd.eps>
File: figure/period2000-compare-overallthroughput-50-60nodes-sd.eps Graphic fil
e (type eps)

<figure/period2000-compare-overallthroughput-50-60nodes-sd.eps>
File: figure/period3000-compare-overallthroughput-50-60nodes-sd.eps Graphic fil
e (type eps)

<figure/period3000-compare-overallthroughput-50-60nodes-sd.eps>
Overfull \vbox (6.66pt too high) has occurred while \output is active []

 [69]
File: figure/period1000-compare-sd-throughputpernode-30-40nodes-sd.eps Graphic 
file (type eps)

<figure/period1000-compare-sd-throughputpernode-30-40nodes-sd.eps>
File: figure/period2000-compare-sd-throughputpernode-30-40nodes-sd.eps Graphic 
file (type eps)

<figure/period2000-compare-sd-throughputpernode-30-40nodes-sd.eps>
File: figure/period3000-compare-sd-throughputpernode-30-40nodes-sd.eps Graphic 
file (type eps)

<figure/period3000-compare-sd-throughputpernode-30-40nodes-sd.eps>
File: figure/period1000-compare-sd-throughputpernode-50-60nodes-sd.eps Graphic 
file (type eps)

<figure/period1000-compare-sd-throughputpernode-50-60nodes-sd.eps>
File: figure/period2000-compare-sd-throughputpernode-50-60nodes-sd.eps Graphic 
file (type eps)

<figure/period2000-compare-sd-throughputpernode-50-60nodes-sd.eps>
File: figure/period3000-compare-sd-throughputpernode-50-60nodes-sd.eps Graphic 
file (type eps)

<figure/period3000-compare-sd-throughputpernode-50-60nodes-sd.eps>
Overfull \vbox (6.76pt too high) has occurred while \output is active []

 [70]
File: figure/beta-0.eps Graphic file (type eps)

<figure/beta-0.eps>
File: figure/beta-4.eps Graphic file (type eps)
 <figure/beta-4.eps>
File: figure/beta-8.eps Graphic file (type eps)
 <figure/beta-8.eps>
File: figure/beta-12.eps Graphic file (type eps)

<figure/beta-12.eps>
File: figure/beta-16.eps Graphic file (type eps)
 <figure/beta-16.eps>
File: figure/beta-20.eps Graphic file (type eps)
 <figure/beta-20.eps>
Overfull \vbox (6.76pt too high) has occurred while \output is active []

 [71]
Overfull \vbox (6.76pt too high) has occurred while \output is active []

 [72]
Overfull \hbox (0.96167pt too wide) in paragraph at lines 861--862
[]\EU1/lmr/m/n/11 In the next chapter, we analyse the stability under small per
turbation of M-DWARF. 
 []

)
Overfull \vbox (6.76pt too high) has occurred while \output is active []

 [73]
\openout2 = `chapter6.aux'.


(./chapter6.tex [74



]
Overfull \vbox (6.76pt too high) has occurred while \output is active []

 [75]
Overfull \vbox (6.76pt too high) has occurred while \output is active []

 [76]
Overfull \vbox (6.76pt too high) has occurred while \output is active []

 [77]
Overfull \vbox (6.76pt too high) has occurred while \output is active []

 [78]
Overfull \vbox (6.76pt too high) has occurred while \output is active []

 [79]
Overfull \vbox (6.66pt too high) has occurred while \output is active []

 [80]
Overfull \vbox (6.66pt too high) has occurred while \output is active []

 [81]
Overfull \vbox (6.66pt too high) has occurred while \output is active []

 [82]
Overfull \vbox (6.66pt too high) has occurred while \output is active []

 [83]
Overfull \vbox (6.77pt too high) has occurred while \output is active []

 [84]
Overfull \vbox (6.66pt too high) has occurred while \output is active []

 [85]
Overfull \hbox (40.57346pt too wide) in paragraph at lines 353--353
[] 
 []


Overfull \vbox (6.66pt too high) has occurred while \output is active []

 [86]
Overfull \vbox (6.76pt too high) has occurred while \output is active []

 [87]

./chapter6.tex:373: Package amsmath Error: Multiple \label's: label 'eq:startnd
iff' will be lost.

See the amsmath package documentation for explanation.
Type  H <return>  for immediate help.
 ...                                              
                                                  
l.373 \end{alignat}
                   
Your command was ignored.
Type  I <command> <return>  to replace it with another command,
or  <return>  to continue without it.


Overfull \vbox (6.66pt too high) has occurred while \output is active []

 [88]
Overfull \hbox (7.88194pt too wide) in paragraph at lines 392--392
[] 
 []


Overfull \vbox (6.66pt too high) has occurred while \output is active []

 [89]
Overfull \vbox (6.66pt too high) has occurred while \output is active []

 [90]
Overfull \vbox (6.66pt too high) has occurred while \output is active []

 [91])
Overfull \vbox (6.66pt too high) has occurred while \output is active []

 [92]
\openout2 = `chapter7.aux'.


(./chapter7.tex [93



]
Overfull \vbox (6.77pt too high) has occurred while \output is active []

 [94])
Overfull \vbox (6.66pt too high) has occurred while \output is active []

 [95]
(./supasate.bbl [96


]
Overfull \vbox (6.76pt too high) has occurred while \output is active []

 [97]
Overfull \vbox (6.66pt too high) has occurred while \output is active []

 [98]
Overfull \vbox (6.66pt too high) has occurred while \output is active []

 [99])
Overfull \vbox (6.66pt too high) has occurred while \output is active []

 [100]
[101]
\openout2 = `appendix1.aux'.

 (./appendix1.tex
Overfull \hbox (1.10005pt too wide) in paragraph at lines 8--9
[]\EU1/lmr/m/n/11 Supasate Choochaisri, Kittipat Apicharttrisorn, Kittiporn Kor
prasertthaworn, Pong-
 []

[102


]
Overfull \hbox (4.99696pt too wide) in paragraph at lines 20--21
[]\EU1/lmr/m/n/11 Pongpakdi Taechalertpaisarn, Supasate Choochaisri, and Chaler
mek Intanagonwiwat,
 []


Overfull \vbox (6.66pt too high) has occurred while \output is active []

 [103])
Overfull \vbox (6.77pt too high) has occurred while \output is active []

 [104]
\openout2 = `appendix2.aux'.


(./appendix2.tex
Overfull \hbox (3.46799pt too wide) in paragraph at lines 6--7
[]\EU1/lmr/m/n/11 For DMDE research group members, I thank Vit Niennattrakul, H
aemwaan Sivaraks,
 []

) [105



]
\openout2 = `biography.aux'.

 (./biography.tex)
Overfull \vbox (6.66pt too high) has occurred while \output is active []

 [106


]
(./supasate.aux (./abstractthai.aux) (./abstractenglish.aux)
(./acknowledgement.aux) (./chapter1.aux) (./chapter2.aux) (./chapter3.aux)
(./chapter4.aux) (./chapter5.aux) (./chapter6.aux) (./chapter7.aux)
(./appendix1.aux) (./appendix2.aux) (./biography.aux))
LaTeX Font Info:    Size substitutions with differences
(Font)              up to 0.5pt have occurred.
 ) 
Here is how much of TeX's memory you used:
 19008 strings out of 495724
 341722 string characters out of 1189347
 455088 words of memory out of 3000000
 21509 multiletter control sequences out of 15000+50000
 13109 words of font info for 76 fonts, out of 3000000 for 9000
 34 hyphenation exceptions out of 8191
 63i,20n,96p,2449b,687s stack positions out of 5000i,500n,10000p,200000b,50000s

Output written on supasate.pdf (120 pages).
